<?xml version="1.0" encoding="UTF-8"?>
<!-- Generated by org.testng.reporters.JUnitXMLReporter -->
<testsuite ignored="0" hostname="IN-L2504" failures="0" tests="3" name="List User" time="0.514" errors="0" timestamp="23 Feb 2021 17:52:58 GMT">
  <testcase classname="com.ListUsers.ListUsers" name="listSingleUserInformation" time="0.062"/>
  <testcase classname="com.ListUsers.ListUsers" name="listAllUsersInformaitonPageOne" time="0.047"/>
  <testcase classname="com.ListUsers.ListUsers" name="listAllUsersInformaitonPageTwo" time="0.068"/>
</testsuite> <!-- List User -->
