<?xml version="1.0" encoding="UTF-8"?>
<!-- Generated by org.testng.reporters.JUnitXMLReporter -->
<testsuite ignored="0" hostname="IN-L2504" failures="0" tests="4" name="Register User" time="3.369" errors="0" timestamp="23 Feb 2021 17:52:57 GMT">
  <testcase classname="com.RegisterUser.RegisterUser" name="registerUserSuccessfully" time="1.004"/>
  <testcase classname="com.RegisterUser.RegisterUser" name="registerUserUnSuccessfully_PasswordNotProvided" time="0.754"/>
  <testcase classname="com.RegisterUser.RegisterUser" name="registerUserUnSuccessfully_EmailNotProvided" time="0.369"/>
  <testcase classname="com.RegisterUser.RegisterUser" name="registerUserUnSuccessfully_WrongBody" time="0.21"/>
</testsuite> <!-- Register User -->
