<?xml version="1.0" encoding="UTF-8"?>
<!-- Generated by org.testng.reporters.JUnitXMLReporter -->
<testsuite ignored="0" hostname="IN-L2504" failures="0" tests="4" name="Register User" time="5.662" errors="0" timestamp="23 Feb 2021 16:58:40 GMT">
  <testcase classname="com.RegisterUser.RegisterUser" name="registerUserSuccessfully" time="1.376"/>
  <testcase classname="com.RegisterUser.RegisterUser" name="registerUserUnSuccessfully_PasswordNotProvided" time="1.351"/>
  <testcase classname="com.RegisterUser.RegisterUser" name="registerUserUnSuccessfully_EmailNotProvided" time="0.414"/>
  <testcase classname="com.RegisterUser.RegisterUser" name="registerUserUnSuccessfully_WrongBody" time="0.461"/>
</testsuite> <!-- Register User -->
