<?xml version="1.0" encoding="UTF-8"?>
<!-- Generated by org.testng.reporters.JUnitXMLReporter -->
<testsuite ignored="0" hostname="IN-L2504" failures="0" tests="4" name="Update User" time="1.957" errors="0" timestamp="23 Feb 2021 17:53:00 GMT">
  <testcase classname="com.Update.UpdateUser" name="updateUser" time="0.363"/>
  <testcase classname="com.Update.UpdateUser" name="updateUserAndValidateUdpatedTime" time="0.387"/>
  <testcase classname="com.Update.UpdateUser" name="updateUserNegativeUseCase" time="0.354"/>
  <testcase classname="com.Update.UpdateUser" name="updateOnlyJobInUserInfo" time="0.369"/>
</testsuite> <!-- Update User -->
