<?xml version="1.0" encoding="UTF-8"?>
<!-- Generated by org.testng.reporters.JUnitXMLReporter -->
<testsuite ignored="0" hostname="IN-L2504" failures="0" tests="4" name="Update User" time="2.769" errors="0" timestamp="23 Feb 2021 16:58:45 GMT">
  <testcase classname="com.Update.UpdateUser" name="updateUser" time="0.443"/>
  <testcase classname="com.Update.UpdateUser" name="updateUserAndValidateUdpatedTime" time="0.405"/>
  <testcase classname="com.Update.UpdateUser" name="updateUserNegativeUseCase" time="0.436"/>
  <testcase classname="com.Update.UpdateUser" name="updateOnlyJobInUserInfo" time="0.459"/>
</testsuite> <!-- Update User -->
